# JRE version: Java(TM) SE Runtime Environment (8.0_151-b12) (build 1.8.0_151-b12)
# Java VM: Java HotSpot(TM) 64-Bit Server VM (25.151-b12 mixed mode linux-amd64 compressed oops)
Heap:
 PSYoungGen      total 349696K, used 0K [0x00000000e0000000, 0x0000000100000000, 0x0000000100000000)
  eden space 175104K, 0% used [0x00000000e0000000,0x00000000e0000000,0x00000000eab00000)
  from space 174592K, 0% used [0x00000000f5580000,0x00000000f5580000,0x0000000100000000)
  to   space 174592K, 0% used [0x00000000eab00000,0x00000000eab00000,0x00000000f5580000)
 ParOldGen       total 744448K, used 716900K [0x00000000a0000000, 0x00000000cd700000, 0x00000000e0000000)
  object space 744448K, 96% used [0x00000000a0000000,0x00000000cbc192b8,0x00000000cd700000)
 Metaspace       used 65728K, capacity 67398K, committed 67672K, reserved 1107968K
  class space    used 8634K, capacity 8980K, committed 9088K, reserved 1048576K
GC Heap History (10 events):
Event: 233.665 GC heap after
Heap after GC invocations=39 (full 8):
 PSYoungGen      total 351232K, used 110154K [0x00000000e0000000, 0x0000000100000000, 0x0000000100000000)
  eden space 240640K, 0% used [0x00000000e0000000,0x00000000e0000000,0x00000000eeb00000)
  from space 110592K, 99% used [0x00000000eeb00000,0x00000000f5692a20,0x00000000f5700000)
  to   space 152576K, 0% used [0x00000000f6b00000,0x00000000f6b00000,0x0000000100000000)
 ParOldGen       total 559104K, used 533551K [0x00000000a0000000, 0x00000000c2200000, 0x00000000e0000000)
  object space 559104K, 95% used [0x00000000a0000000,0x00000000c090bc48,0x00000000c2200000)
 Metaspace       used 65726K, capacity 67398K, committed 67672K, reserved 1107968K
  class space    used 8634K, capacity 8980K, committed 9088K, reserved 1048576K
}
Event: 233.665 GC heap before
{Heap before GC invocations=40 (full 9):
 PSYoungGen      total 351232K, used 110154K [0x00000000e0000000, 0x0000000100000000, 0x0000000100000000)
  eden space 240640K, 0% used [0x00000000e0000000,0x00000000e0000000,0x00000000eeb00000)
  from space 110592K, 99% used [0x00000000eeb00000,0x00000000f5692a20,0x00000000f5700000)
  to   space 152576K, 0% used [0x00000000f6b00000,0x00000000f6b00000,0x0000000100000000)
 ParOldGen       total 559104K, used 533551K [0x00000000a0000000, 0x00000000c2200000, 0x00000000e0000000)
  object space 559104K, 95% used [0x00000000a0000000,0x00000000c090bc48,0x00000000c2200000)
 Metaspace       used 65726K, capacity 67398K, committed 67672K, reserved 1107968K
  class space    used 8634K, capacity 8980K, committed 9088K, reserved 1048576K
Event: 236.003 GC heap after
Heap after GC invocations=40 (full 9):
 PSYoungGen      total 351232K, used 73005K [0x00000000e0000000, 0x0000000100000000, 0x0000000100000000)
  eden space 240640K, 0% used [0x00000000e0000000,0x00000000e0000000,0x00000000eeb00000)
  from space 110592K, 66% used [0x00000000eeb00000,0x00000000f324b460,0x00000000f5700000)
  to   space 152576K, 0% used [0x00000000f6b00000,0x00000000f6b00000,0x0000000100000000)
 ParOldGen       total 744448K, used 558686K [0x00000000a0000000, 0x00000000cd700000, 0x00000000e0000000)
  object space 744448K, 75% used [0x00000000a0000000,0x00000000c2197bd0,0x00000000cd700000)
 Metaspace       used 65726K, capacity 67398K, committed 67672K, reserved 1107968K
  class space    used 8634K, capacity 8980K, committed 9088K, reserved 1048576K
}
Event: 236.377 GC heap before
{Heap before GC invocations=41 (full 9):
 PSYoungGen      total 351232K, used 313645K [0x00000000e0000000, 0x0000000100000000, 0x0000000100000000)
  eden space 240640K, 100% used [0x00000000e0000000,0x00000000eeb00000,0x00000000eeb00000)
  from space 110592K, 66% used [0x00000000eeb00000,0x00000000f324b460,0x00000000f5700000)
  to   space 152576K, 0% used [0x00000000f6b00000,0x00000000f6b00000,0x0000000100000000)
 ParOldGen       total 744448K, used 558686K [0x00000000a0000000, 0x00000000cd700000, 0x00000000e0000000)
  object space 744448K, 75% used [0x00000000a0000000,0x00000000c2197bd0,0x00000000cd700000)
 Metaspace       used 65726K, capacity 67398K, committed 67672K, reserved 1107968K
  class space    used 8634K, capacity 8980K, committed 9088K, reserved 1048576K
Event: 240.102 GC heap after
Heap after GC invocations=41 (full 9):
 PSYoungGen      total 327680K, used 152555K [0x00000000e0000000, 0x0000000100000000, 0x0000000100000000)
  eden space 175104K, 0% used [0x00000000e0000000,0x00000000e0000000,0x00000000eab00000)
  from space 152576K, 99% used [0x00000000f6b00000,0x00000000ffffafc8,0x0000000100000000)
  to   space 174592K, 0% used [0x00000000eab00000,0x00000000eab00000,0x00000000f5580000)
 ParOldGen       total 744448K, used 586669K [0x00000000a0000000, 0x00000000cd700000, 0x00000000e0000000)
  object space 744448K, 78% used [0x00000000a0000000,0x00000000c3ceb698,0x00000000cd700000)
 Metaspace       used 65726K, capacity 67398K, committed 67672K, reserved 1107968K
  class space    used 8634K, capacity 8980K, committed 9088K, reserved 1048576K
}
Event: 240.657 GC heap before
{Heap before GC invocations=42 (full 9):
 PSYoungGen      total 327680K, used 327659K [0x00000000e0000000, 0x0000000100000000, 0x0000000100000000)
  eden space 175104K, 100% used [0x00000000e0000000,0x00000000eab00000,0x00000000eab00000)
  from space 152576K, 99% used [0x00000000f6b00000,0x00000000ffffafc8,0x0000000100000000)
  to   space 174592K, 0% used [0x00000000eab00000,0x00000000eab00000,0x00000000f5580000)
 ParOldGen       total 744448K, used 586669K [0x00000000a0000000, 0x00000000cd700000, 0x00000000e0000000)
  object space 744448K, 78% used [0x00000000a0000000,0x00000000c3ceb698,0x00000000cd700000)
 Metaspace       used 65728K, capacity 67398K, committed 67672K, reserved 1107968K
  class space    used 8634K, capacity 8980K, committed 9088K, reserved 1048576K
Event: 249.569 GC heap after
Heap after GC invocations=42 (full 9):
 PSYoungGen      total 349696K, used 111709K [0x00000000e0000000, 0x0000000100000000, 0x0000000100000000)
  eden space 175104K, 0% used [0x00000000e0000000,0x00000000e0000000,0x00000000eab00000)
  from space 174592K, 63% used [0x00000000eab00000,0x00000000f18176b8,0x00000000f5580000)
  to   space 174592K, 0% used [0x00000000f5580000,0x00000000f5580000,0x0000000100000000)
 ParOldGen       total 744448K, used 637105K [0x00000000a0000000, 0x00000000cd700000, 0x00000000e0000000)
  object space 744448K, 85% used [0x00000000a0000000,0x00000000c6e2c670,0x00000000cd700000)
 Metaspace       used 65728K, capacity 67398K, committed 67672K, reserved 1107968K
  class space    used 8634K, capacity 8980K, committed 9088K, reserved 1048576K
}
Event: 250.145 GC heap before
{Heap before GC invocations=43 (full 9):
 PSYoungGen      total 349696K, used 286813K [0x00000000e0000000, 0x0000000100000000, 0x0000000100000000)
  eden space 175104K, 100% used [0x00000000e0000000,0x00000000eab00000,0x00000000eab00000)
  from space 174592K, 63% used [0x00000000eab00000,0x00000000f18176b8,0x00000000f5580000)
  to   space 174592K, 0% used [0x00000000f5580000,0x00000000f5580000,0x0000000100000000)
 ParOldGen       total 744448K, used 637105K [0x00000000a0000000, 0x00000000cd700000, 0x00000000e0000000)
  object space 744448K, 85% used [0x00000000a0000000,0x00000000c6e2c670,0x00000000cd700000)
 Metaspace       used 65728K, capacity 67398K, committed 67672K, reserved 1107968K
  class space    used 8634K, capacity 8980K, committed 9088K, reserved 1048576K
Event: 296.020 GC heap after
Heap after GC invocations=43 (full 9):
 PSYoungGen      total 349696K, used 99969K [0x00000000e0000000, 0x0000000100000000, 0x0000000100000000)
  eden space 175104K, 0% used [0x00000000e0000000,0x00000000e0000000,0x00000000eab00000)
  from space 174592K, 57% used [0x00000000f5580000,0x00000000fb720540,0x0000000100000000)
  to   space 174592K, 0% used [0x00000000eab00000,0x00000000eab00000,0x00000000f5580000)
 ParOldGen       total 744448K, used 742621K [0x00000000a0000000, 0x00000000cd700000, 0x00000000e0000000)
  object space 744448K, 99% used [0x00000000a0000000,0x00000000cd537680,0x00000000cd700000)
 Metaspace       used 65728K, capacity 67398K, committed 67672K, reserved 1107968K
  class space    used 8634K, capacity 8980K, committed 9088K, reserved 1048576K
}
Event: 296.081 GC heap before
{Heap before GC invocations=44 (full 10):
 PSYoungGen      total 349696K, used 99969K [0x00000000e0000000, 0x0000000100000000, 0x0000000100000000)
  eden space 175104K, 0% used [0x00000000e0000000,0x00000000e0000000,0x00000000eab00000)
  from space 174592K, 57% used [0x00000000f5580000,0x00000000fb720540,0x0000000100000000)
  to   space 174592K, 0% used [0x00000000eab00000,0x00000000eab00000,0x00000000f5580000)
 ParOldGen       total 744448K, used 742621K [0x00000000a0000000, 0x00000000cd700000, 0x00000000e0000000)
  object space 744448K, 99% used [0x00000000a0000000,0x00000000cd537680,0x00000000cd700000)
 Metaspace       used 65728K, capacity 67398K, committed 67672K, reserved 1107968K
  class space    used 8634K, capacity 8980K, committed 9088K, reserved 1048576K

